# JRE version: OpenJDK Runtime Environment (17.0+35) (build 17+35-2724)
# Java VM: OpenJDK 64-Bit Server VM (17+35-2724, mixed mode, sharing, tiered, compressed class ptrs, z gc, linux-amd64)
GC Precious Log:
 NUMA Support: Disabled
 CPUs: 8 total, 8 available
 Memory: 17866M
 Large Page Support: Disabled
 GC Workers: 2 (dynamic)
 Address Space Type: Contiguous/Unrestricted/Complete
 Address Space Size: 32768M x 3 = 98304M
 Heap Backing File: /memfd:java_heap
 Heap Backing Filesystem: tmpfs (0x1021994)
 Min Capacity: 256M
 Initial Capacity: 256M
 Max Capacity: 2048M
 Medium Page Size: 32M
 Pre-touch: Disabled
 Available space on backing filesystem: N/A
 Uncommit: Enabled
 Uncommit Delay: 300s
 Runtime Workers: 5
Heap:
 ZHeap           used 574M, capacity 1954M, max capacity 2048M
 Metaspace       used 142800K, committed 145536K, reserved 1179648K
  class space    used 17232K, committed 18368K, reserved 1048576K
GC Heap History (20 events):
Event: 65.645 GC heap before
{Heap before GC invocations=6 (full 6):
 ZHeap           used 1308M, capacity 1308M, max capacity 2048M
 Metaspace       used 111574K, committed 113856K, reserved 1155072K
  class space    used 13992K, committed 14976K, reserved 1048576K
}
Event: 66.129 GC heap after
{Heap after GC invocations=7 (full 7):
 ZHeap           used 280M, capacity 1320M, max capacity 2048M
 Metaspace       used 111581K, committed 113856K, reserved 1155072K
  class space    used 13992K, committed 14976K, reserved 1048576K
}
Event: 82.545 GC heap before
{Heap before GC invocations=7 (full 7):
 ZHeap           used 1764M, capacity 1764M, max capacity 2048M
 Metaspace       used 113153K, committed 115520K, reserved 1155072K
  class space    used 14148K, committed 15168K, reserved 1048576K
}
Event: 83.407 GC heap after
{Heap after GC invocations=8 (full 8):
 ZHeap           used 486M, capacity 1830M, max capacity 2048M
 Metaspace       used 113156K, committed 115520K, reserved 1155072K
  class space    used 14148K, committed 15168K, reserved 1048576K
}
Event: 172.944 GC heap before
{Heap before GC invocations=8 (full 8):
 ZHeap           used 698M, capacity 1830M, max capacity 2048M
 Metaspace       used 114740K, committed 117120K, reserved 1155072K
  class space    used 14312K, committed 15296K, reserved 1048576K
}
Event: 173.921 GC heap after
{Heap after GC invocations=9 (full 9):
 ZHeap           used 618M, capacity 1830M, max capacity 2048M
 Metaspace       used 117028K, committed 119360K, reserved 1155072K
  class space    used 14534K, committed 15488K, reserved 1048576K
}
Event: 218.344 GC heap before
{Heap before GC invocations=9 (full 9):
 ZHeap           used 1416M, capacity 1830M, max capacity 2048M
 Metaspace       used 129467K, committed 132032K, reserved 1171456K
  class space    used 16020K, committed 17152K, reserved 1048576K
}
Event: 219.005 GC heap after
{Heap after GC invocations=10 (full 10):
 ZHeap           used 582M, capacity 1862M, max capacity 2048M
 Metaspace       used 129478K, committed 132096K, reserved 1171456K
  class space    used 16020K, committed 17152K, reserved 1048576K
}
Event: 277.944 GC heap before
{Heap before GC invocations=10 (full 10):
 ZHeap           used 842M, capacity 1862M, max capacity 2048M
 Metaspace       used 130519K, committed 133120K, reserved 1171456K
  class space    used 16131K, committed 17280K, reserved 1048576K
}
Event: 278.495 GC heap after
{Heap after GC invocations=11 (full 11):
 ZHeap           used 478M, capacity 1862M, max capacity 2048M
 Metaspace       used 130519K, committed 133120K, reserved 1171456K
  class space    used 16131K, committed 17280K, reserved 1048576K
}
Event: 303.944 GC heap before
{Heap before GC invocations=11 (full 11):
 ZHeap           used 1706M, capacity 1862M, max capacity 2048M
 Metaspace       used 134451K, committed 137152K, reserved 1171456K
  class space    used 16588K, committed 17728K, reserved 1048576K
}
Event: 304.926 GC heap after
{Heap after GC invocations=12 (full 12):
 ZHeap           used 746M, capacity 1954M, max capacity 2048M
 Metaspace       used 134461K, committed 137152K, reserved 1171456K
  class space    used 16589K, committed 17728K, reserved 1048576K
}
Event: 305.944 GC heap before
{Heap before GC invocations=12 (full 12):
 ZHeap           used 1044M, capacity 1954M, max capacity 2048M
 Metaspace       used 135043K, committed 137728K, reserved 1171456K
  class space    used 16655K, committed 17792K, reserved 1048576K
}
Event: 306.675 GC heap after
{Heap after GC invocations=13 (full 13):
 ZHeap           used 696M, capacity 1954M, max capacity 2048M
 Metaspace       used 135351K, committed 137984K, reserved 1171456K
  class space    used 16677K, committed 17792K, reserved 1048576K
}
Event: 333.844 GC heap before
{Heap before GC invocations=13 (full 13):
 ZHeap           used 1376M, capacity 1954M, max capacity 2048M
 Metaspace       used 140059K, committed 142784K, reserved 1179648K
  class space    used 17052K, committed 18176K, reserved 1048576K
}
Event: 334.957 GC heap after
{Heap after GC invocations=14 (full 14):
 ZHeap           used 530M, capacity 1954M, max capacity 2048M
 Metaspace       used 140070K, committed 142784K, reserved 1179648K
  class space    used 17052K, committed 18176K, reserved 1048576K
}
Event: 384.545 GC heap before
{Heap before GC invocations=14 (full 14):
 ZHeap           used 806M, capacity 1954M, max capacity 2048M
 Metaspace       used 140885K, committed 143616K, reserved 1179648K
  class space    used 17074K, committed 18240K, reserved 1048576K
}
Event: 385.390 GC heap after
{Heap after GC invocations=15 (full 15):
 ZHeap           used 534M, capacity 1954M, max capacity 2048M
 Metaspace       used 140885K, committed 143616K, reserved 1179648K
  class space    used 17074K, committed 18240K, reserved 1048576K
}
Event: 460.544 GC heap before
{Heap before GC invocations=15 (full 15):
 ZHeap           used 744M, capacity 1954M, max capacity 2048M
 Metaspace       used 141620K, committed 144320K, reserved 1179648K
  class space    used 17097K, committed 18240K, reserved 1048576K
}
Event: 461.189 GC heap after
{Heap after GC invocations=16 (full 16):
 ZHeap           used 574M, capacity 1954M, max capacity 2048M
 Metaspace       used 142789K, committed 145536K, reserved 1179648K
  class space    used 17232K, committed 18368K, reserved 1048576K
}

